<?xml version="1.0" encoding="utf-8"?><testsuites name="pytest tests"><testsuite name="pytest" errors="10" failures="0" skipped="0" tests="10" time="0.052" timestamp="2026-03-07T16:50:12.324046+00:00" hostname="agent-env-0c8e71fa-0890-43c0-9ef8-fbbc4a26a27a"><testcase classname="tests.test_auth_and_user.TestAuth" name="test_register_new_user" time="0.001"><error message="failed on setup with &quot;Failed: EXPO_PUBLIC_BACKEND_URL not set in environment&quot;">tests/conftest.py:9: in base_url
    pytest.fail("EXPO_PUBLIC_BACKEND_URL not set in environment")
E   Failed: EXPO_PUBLIC_BACKEND_URL not set in environment</error></testcase><testcase classname="tests.test_auth_and_user.TestAuth" name="test_register_duplicate_email" time="0.000"><error message="failed on setup with &quot;Failed: EXPO_PUBLIC_BACKEND_URL not set in environment&quot;">tests/conftest.py:9: in base_url
    pytest.fail("EXPO_PUBLIC_BACKEND_URL not set in environment")
E   Failed: EXPO_PUBLIC_BACKEND_URL not set in environment</error></testcase><testcase classname="tests.test_auth_and_user.TestAuth" name="test_login_success" time="0.000"><error message="failed on setup with &quot;Failed: EXPO_PUBLIC_BACKEND_URL not set in environment&quot;">tests/conftest.py:9: in base_url
    pytest.fail("EXPO_PUBLIC_BACKEND_URL not set in environment")
E   Failed: EXPO_PUBLIC_BACKEND_URL not set in environment</error></testcase><testcase classname="tests.test_auth_and_user.TestAuth" name="test_login_invalid_credentials" time="0.000"><error message="failed on setup with &quot;Failed: EXPO_PUBLIC_BACKEND_URL not set in environment&quot;">tests/conftest.py:9: in base_url
    pytest.fail("EXPO_PUBLIC_BACKEND_URL not set in environment")
E   Failed: EXPO_PUBLIC_BACKEND_URL not set in environment</error></testcase><testcase classname="tests.test_auth_and_user.TestAuth" name="test_get_current_user" time="0.000"><error message="failed on setup with &quot;Failed: EXPO_PUBLIC_BACKEND_URL not set in environment&quot;">tests/conftest.py:9: in base_url
    pytest.fail("EXPO_PUBLIC_BACKEND_URL not set in environment")
E   Failed: EXPO_PUBLIC_BACKEND_URL not set in environment</error></testcase><testcase classname="tests.test_auth_and_user.TestAuth" name="test_get_current_user_no_token" time="0.000"><error message="failed on setup with &quot;Failed: EXPO_PUBLIC_BACKEND_URL not set in environment&quot;">tests/conftest.py:9: in base_url
    pytest.fail("EXPO_PUBLIC_BACKEND_URL not set in environment")
E   Failed: EXPO_PUBLIC_BACKEND_URL not set in environment</error></testcase><testcase classname="tests.test_auth_and_user.TestUserEndpoints" name="test_get_user_profile" time="0.000"><error message="failed on setup with &quot;Failed: EXPO_PUBLIC_BACKEND_URL not set in environment&quot;">tests/conftest.py:9: in base_url
    pytest.fail("EXPO_PUBLIC_BACKEND_URL not set in environment")
E   Failed: EXPO_PUBLIC_BACKEND_URL not set in environment</error></testcase><testcase classname="tests.test_auth_and_user.TestUserEndpoints" name="test_get_nonexistent_user" time="0.000"><error message="failed on setup with &quot;Failed: EXPO_PUBLIC_BACKEND_URL not set in environment&quot;">tests/conftest.py:9: in base_url
    pytest.fail("EXPO_PUBLIC_BACKEND_URL not set in environment")
E   Failed: EXPO_PUBLIC_BACKEND_URL not set in environment</error></testcase><testcase classname="tests.test_auth_and_user.TestUserEndpoints" name="test_update_location" time="0.000"><error message="failed on setup with &quot;Failed: EXPO_PUBLIC_BACKEND_URL not set in environment&quot;">tests/conftest.py:9: in base_url
    pytest.fail("EXPO_PUBLIC_BACKEND_URL not set in environment")
E   Failed: EXPO_PUBLIC_BACKEND_URL not set in environment</error></testcase><testcase classname="tests.test_auth_and_user.TestUserEndpoints" name="test_update_location_24h_limit" time="0.000"><error message="failed on setup with &quot;Failed: EXPO_PUBLIC_BACKEND_URL not set in environment&quot;">tests/conftest.py:9: in base_url
    pytest.fail("EXPO_PUBLIC_BACKEND_URL not set in environment")
E   Failed: EXPO_PUBLIC_BACKEND_URL not set in environment</error></testcase></testsuite></testsuites>