<?xml version="1.0" encoding="utf-8"?><testsuites name="pytest tests"><testsuite name="pytest" errors="0" failures="0" skipped="0" tests="12" time="3.737" timestamp="2026-03-07T17:36:54.485986+00:00" hostname="agent-env-0c8e71fa-0890-43c0-9ef8-fbbc4a26a27a"><testcase classname="tests.test_admin_and_legal.TestRegistrationLegalCompliance" name="test_register_without_privacy_acceptance_fails" time="0.250" /><testcase classname="tests.test_admin_and_legal.TestRegistrationLegalCompliance" name="test_register_without_rules_acceptance_fails" time="0.054" /><testcase classname="tests.test_admin_and_legal.TestRegistrationLegalCompliance" name="test_register_without_both_acceptances_fails" time="0.108" /><testcase classname="tests.test_admin_and_legal.TestRegistrationLegalCompliance" name="test_register_with_both_acceptances_succeeds" time="0.375" /><testcase classname="tests.test_admin_and_legal.TestAdminEndpoints" name="test_admin_seed_creates_admin_user" time="0.065" /><testcase classname="tests.test_admin_and_legal.TestAdminEndpoints" name="test_admin_login_success" time="0.433" /><testcase classname="tests.test_admin_and_legal.TestAdminEndpoints" name="test_get_admin_users_requires_admin_token" time="0.411" /><testcase classname="tests.test_admin_and_legal.TestAdminEndpoints" name="test_get_admin_users_success" time="0.450" /><testcase classname="tests.test_admin_and_legal.TestAdminEndpoints" name="test_delete_admin_user_requires_admin" time="0.342" /><testcase classname="tests.test_admin_and_legal.TestAdminEndpoints" name="test_delete_admin_user_success" time="0.780" /><testcase classname="tests.test_admin_and_legal.TestAdminEndpoints" name="test_cannot_delete_admin_user" time="0.391" /><testcase classname="tests.test_admin_and_legal.TestAdminPanelHTML" name="test_admin_panel_html_accessible" time="0.056" /></testsuite></testsuites>