<?xml version="1.0" encoding="utf-8"?><testsuites name="pytest tests"><testsuite name="pytest" errors="0" failures="0" skipped="0" tests="30" time="9.280" timestamp="2026-03-07T13:15:50.846894+00:00" hostname="agent-env-0c8e71fa-0890-43c0-9ef8-fbbc4a26a27a"><testcase classname="tests.test_auth_and_user.TestAuth" name="test_register_new_user" time="0.468" /><testcase classname="tests.test_auth_and_user.TestAuth" name="test_register_duplicate_email" time="0.063" /><testcase classname="tests.test_auth_and_user.TestAuth" name="test_login_success" time="0.277" /><testcase classname="tests.test_auth_and_user.TestAuth" name="test_login_invalid_credentials" time="0.279" /><testcase classname="tests.test_auth_and_user.TestAuth" name="test_get_current_user" time="0.331" /><testcase classname="tests.test_auth_and_user.TestAuth" name="test_get_current_user_no_token" time="0.050" /><testcase classname="tests.test_auth_and_user.TestUserEndpoints" name="test_get_user_profile" time="0.335" /><testcase classname="tests.test_auth_and_user.TestUserEndpoints" name="test_get_nonexistent_user" time="0.057" /><testcase classname="tests.test_auth_and_user.TestUserEndpoints" name="test_update_location" time="0.338" /><testcase classname="tests.test_auth_and_user.TestUserEndpoints" name="test_update_location_24h_limit" time="0.378" /><testcase classname="tests.test_listings_and_categories.TestCategories" name="test_get_categories" time="0.054" /><testcase classname="tests.test_listings_and_categories.TestListings" name="test_get_all_listings" time="0.055" /><testcase classname="tests.test_listings_and_categories.TestListings" name="test_get_listings_with_category_filter" time="0.057" /><testcase classname="tests.test_listings_and_categories.TestListings" name="test_get_listings_with_search" time="0.068" /><testcase classname="tests.test_listings_and_categories.TestListings" name="test_get_listings_with_price_filter" time="0.050" /><testcase classname="tests.test_listings_and_categories.TestListings" name="test_get_single_listing" time="0.107" /><testcase classname="tests.test_listings_and_categories.TestListings" name="test_get_nonexistent_listing" time="0.056" /><testcase classname="tests.test_listings_and_categories.TestListings" name="test_create_listing" time="0.380" /><testcase classname="tests.test_listings_and_categories.TestListings" name="test_create_listing_invalid_category" time="0.329" /><testcase classname="tests.test_listings_and_categories.TestListings" name="test_update_own_listing" time="0.389" /><testcase classname="tests.test_listings_and_categories.TestListings" name="test_update_others_listing_forbidden" time="0.386" /><testcase classname="tests.test_listings_and_categories.TestListings" name="test_delete_own_listing" time="0.435" /><testcase classname="tests.test_transactions_and_chats.TestTransactions" name="test_purchase_listing_creates_transaction_and_chat" time="0.812" /><testcase classname="tests.test_transactions_and_chats.TestTransactions" name="test_purchase_own_listing_fails" time="0.385" /><testcase classname="tests.test_transactions_and_chats.TestTransactions" name="test_purchase_nonexistent_listing" time="0.348" /><testcase classname="tests.test_transactions_and_chats.TestTransactions" name="test_get_transactions" time="0.321" /><testcase classname="tests.test_transactions_and_chats.TestChats" name="test_get_chats_list" time="0.331" /><testcase classname="tests.test_transactions_and_chats.TestChats" name="test_send_message_in_chat" time="0.764" /><testcase classname="tests.test_transactions_and_chats.TestChats" name="test_get_chat_unauthorized" time="0.978" /><testcase classname="tests.test_transactions_and_chats.TestChats" name="test_get_nonexistent_chat" time="0.330" /></testsuite></testsuites>