<?xml version="1.0" encoding="utf-8"?><testsuites name="pytest tests"><testsuite name="pytest" errors="0" failures="0" skipped="0" tests="8" time="6.987" timestamp="2026-03-07T16:29:02.661927+00:00" hostname="agent-env-0c8e71fa-0890-43c0-9ef8-fbbc4a26a27a"><testcase classname="tests.test_stripe_and_macro_areas.TestMacroAreas" name="test_get_macro_areas_returns_20_regions" time="0.247" /><testcase classname="tests.test_stripe_and_macro_areas.TestMacroAreas" name="test_macro_areas_includes_lombardia" time="0.141" /><testcase classname="tests.test_stripe_and_macro_areas.TestRegistrationWithMacroArea" name="test_register_with_region_and_province" time="0.391" /><testcase classname="tests.test_stripe_and_macro_areas.TestRegistrationWithMacroArea" name="test_register_with_lombardia_milano" time="0.331" /><testcase classname="tests.test_stripe_and_macro_areas.TestStripeCheckout" name="test_create_checkout_session" time="1.603" /><testcase classname="tests.test_stripe_and_macro_areas.TestStripeCheckout" name="test_checkout_status_initiated" time="2.452" /><testcase classname="tests.test_stripe_and_macro_areas.TestStripeCheckout" name="test_checkout_own_listing_fails" time="0.896" /><testcase classname="tests.test_stripe_and_macro_areas.TestStripeCheckout" name="test_checkout_nonexistent_listing" time="0.896" /></testsuite></testsuites>